<?xml version="1.0" encoding="UTF-8"?>
<testsuite name="com.repository.JUnit5ExampleTest" tests="1" skipped="0" failures="0" errors="0" timestamp="2021-01-29T18:17:54" hostname="DESKTOP-FLOJMVO" time="0.027">
  <properties/>
  <testcase name="justAnExample()" classname="com.repository.JUnit5ExampleTest" time="0.027"/>
  <system-out><![CDATA[This test method should be run
]]></system-out>
  <system-err><![CDATA[]]></system-err>
</testsuite>
