<?xml version="1.0" encoding="UTF-8"?>
<testsuite name="com.repository.CryptoClientAPITest" tests="2" skipped="0" failures="0" errors="0" timestamp="2021-01-31T11:13:35" hostname="DESKTOP-FLOJMVO" time="0.056">
  <properties/>
  <testcase name="[1] BTC_USDT, 5m, 0" classname="com.repository.CryptoClientAPITest" time="0.051"/>
  <testcase name="[2] ETH_USDT, 5m, 2" classname="com.repository.CryptoClientAPITest" time="0.002"/>
  <system-out><![CDATA[]]></system-out>
  <system-err><![CDATA[]]></system-err>
</testsuite>
